android/app/build/intermediates/manifest_merge_blame_file/debug/manifest-merger-blame-debug-report.txt
1<?xml version="1.0" encoding="utf-8"?>
2<manifest xmlns:android="http://schemas.android.com/apk/res/android"
3    package="com.myrafriend"
4    android:versionCode="1"
5    android:versionName="1.0.0" >
6
7    <uses-sdk
8        android:minSdkVersion="24"
9        android:targetSdkVersion="34" />
10
11    <!-- Permissions -->
12    <uses-permission android:name="android.permission.INTERNET" />
12-->src\main\AndroidManifest.xml:6:5-67
12-->src\main\AndroidManifest.xml:6:22-64
13    <uses-permission android:name="android.permission.ACCESS_NETWORK_STATE" />
13-->src\main\AndroidManifest.xml:7:5-79
13-->src\main\AndroidManifest.xml:7:22-76
14    <uses-permission android:name="android.permission.READ_EXTERNAL_STORAGE" />
14-->src\main\AndroidManifest.xml:8:5-80
14-->src\main\AndroidManifest.xml:8:22-77
15    <uses-permission
15-->src\main\AndroidManifest.xml:9:5-10:38
16        android:name="android.permission.WRITE_EXTERNAL_STORAGE"
16-->src\main\AndroidManifest.xml:9:22-78
17        android:maxSdkVersion="28" />
17-->src\main\AndroidManifest.xml:10:9-35
18    <uses-permission android:name="android.permission.POST_NOTIFICATIONS" />
18-->src\main\AndroidManifest.xml:11:5-77
18-->src\main\AndroidManifest.xml:11:22-74
19    <uses-permission android:name="android.permission.VIBRATE" />
19-->src\main\AndroidManifest.xml:12:5-66
19-->src\main\AndroidManifest.xml:12:22-63
20    <uses-permission android:name="android.permission.WAKE_LOCK" />
20-->src\main\AndroidManifest.xml:13:5-68
20-->src\main\AndroidManifest.xml:13:22-65
21    <uses-permission android:name="android.permission.RECEIVE_BOOT_COMPLETED" />
21-->[androidx.work:work-runtime:2.9.0] AndroidManifest.xml:25:5-81
21-->[androidx.work:work-runtime:2.9.0] AndroidManifest.xml:25:22-78
22    <uses-permission android:name="android.permission.FOREGROUND_SERVICE" /> <!-- Required by older versions of Google Play services to create IID tokens -->
22-->[androidx.work:work-runtime:2.9.0] AndroidManifest.xml:26:5-77
22-->[androidx.work:work-runtime:2.9.0] AndroidManifest.xml:26:22-74
23    <uses-permission android:name="com.google.android.c2dm.permission.RECEIVE" />
23-->[com.google.firebase:firebase-messaging:23.4.0] AndroidManifest.xml:26:5-82
23-->[com.google.firebase:firebase-messaging:23.4.0] AndroidManifest.xml:26:22-79
24    <uses-permission android:name="com.google.android.finsky.permission.BIND_GET_INSTALL_REFERRER_SERVICE" />
24-->[com.google.android.gms:play-services-measurement:21.5.0] AndroidManifest.xml:26:5-110
24-->[com.google.android.gms:play-services-measurement:21.5.0] AndroidManifest.xml:26:22-107
25    <uses-permission android:name="com.google.android.gms.permission.AD_ID" />
25-->[com.google.android.gms:play-services-measurement-api:21.5.0] AndroidManifest.xml:25:5-79
25-->[com.google.android.gms:play-services-measurement-api:21.5.0] AndroidManifest.xml:25:22-76
26    <uses-permission android:name="android.permission.ACCESS_ADSERVICES_ATTRIBUTION" />
26-->[com.google.android.gms:play-services-measurement-api:21.5.0] AndroidManifest.xml:26:5-88
26-->[com.google.android.gms:play-services-measurement-api:21.5.0] AndroidManifest.xml:26:22-85
27    <uses-permission android:name="android.permission.ACCESS_ADSERVICES_AD_ID" />
27-->[com.google.android.gms:play-services-measurement-api:21.5.0] AndroidManifest.xml:27:5-82
27-->[com.google.android.gms:play-services-measurement-api:21.5.0] AndroidManifest.xml:27:22-79
28
29    <permission
29-->[androidx.core:core:1.9.0] AndroidManifest.xml:22:5-24:47
30        android:name="com.myrafriend.DYNAMIC_RECEIVER_NOT_EXPORTED_PERMISSION"
30-->[androidx.core:core:1.9.0] AndroidManifest.xml:23:9-81
31        android:protectionLevel="signature" />
31-->[androidx.core:core:1.9.0] AndroidManifest.xml:24:9-44
32
33    <uses-permission android:name="com.myrafriend.DYNAMIC_RECEIVER_NOT_EXPORTED_PERMISSION" />
33-->[androidx.core:core:1.9.0] AndroidManifest.xml:26:5-97
33-->[androidx.core:core:1.9.0] AndroidManifest.xml:26:22-94
34
35    <application
35-->src\main\AndroidManifest.xml:15:5-75:19
36        android:name="com.myrafriend.MyRAFriendApplication"
36-->src\main\AndroidManifest.xml:16:9-46
37        android:allowBackup="true"
37-->src\main\AndroidManifest.xml:17:9-35
38        android:appComponentFactory="androidx.core.app.CoreComponentFactory"
38-->[androidx.core:core:1.9.0] AndroidManifest.xml:28:18-86
39        android:debuggable="true"
40        android:extractNativeLibs="false"
41        android:icon="@drawable/ic_launcher_foreground"
41-->src\main\AndroidManifest.xml:18:9-56
42        android:label="@string/app_name"
42-->src\main\AndroidManifest.xml:19:9-41
43        android:networkSecurityConfig="@xml/network_security_config"
43-->src\main\AndroidManifest.xml:24:9-69
44        android:roundIcon="@drawable/ic_launcher_foreground"
44-->src\main\AndroidManifest.xml:20:9-61
45        android:supportsRtl="true"
45-->src\main\AndroidManifest.xml:21:9-35
46        android:theme="@style/Theme.MyRAFriend"
46-->src\main\AndroidManifest.xml:22:9-48
47        android:usesCleartextTraffic="true" >
47-->src\main\AndroidManifest.xml:23:9-44
48
49        <!-- Splash Activity -->
50        <activity
50-->src\main\AndroidManifest.xml:27:9-35:20
51            android:name="com.myrafriend.ui.SplashActivity"
51-->src\main\AndroidManifest.xml:28:13-46
52            android:exported="true"
52-->src\main\AndroidManifest.xml:29:13-36
53            android:theme="@style/Theme.MyRAFriend.Splash" >
53-->src\main\AndroidManifest.xml:30:13-59
54            <intent-filter>
54-->src\main\AndroidManifest.xml:31:13-34:29
55                <action android:name="android.intent.action.MAIN" />
55-->src\main\AndroidManifest.xml:32:17-69
55-->src\main\AndroidManifest.xml:32:25-66
56
57                <category android:name="android.intent.category.LAUNCHER" />
57-->src\main\AndroidManifest.xml:33:17-77
57-->src\main\AndroidManifest.xml:33:27-74
58            </intent-filter>
59        </activity>
60
61        <!-- Login Activity -->
62        <activity
62-->src\main\AndroidManifest.xml:38:9-42:58
63            android:name="com.myrafriend.ui.LoginActivity"
63-->src\main\AndroidManifest.xml:39:13-45
64            android:exported="false"
64-->src\main\AndroidManifest.xml:40:13-37
65            android:screenOrientation="portrait"
65-->src\main\AndroidManifest.xml:41:13-49
66            android:windowSoftInputMode="adjustResize" />
66-->src\main\AndroidManifest.xml:42:13-55
67
68        <!-- Main Activity -->
69        <activity
69-->src\main\AndroidManifest.xml:45:9-49:55
70            android:name="com.myrafriend.ui.MainActivity"
70-->src\main\AndroidManifest.xml:46:13-44
71            android:exported="false"
71-->src\main\AndroidManifest.xml:47:13-37
72            android:screenOrientation="portrait"
72-->src\main\AndroidManifest.xml:48:13-49
73            android:windowSoftInputMode="adjustPan" />
73-->src\main\AndroidManifest.xml:49:13-52
74
75        <!-- Firebase Cloud Messaging Service -->
76        <service
76-->src\main\AndroidManifest.xml:52:9-58:19
77            android:name="com.myrafriend.services.MyRAFriendMessagingService"
77-->src\main\AndroidManifest.xml:53:13-64
78            android:exported="false" >
78-->src\main\AndroidManifest.xml:54:13-37
79            <intent-filter>
79-->src\main\AndroidManifest.xml:55:13-57:29
80                <action android:name="com.google.firebase.MESSAGING_EVENT" />
80-->src\main\AndroidManifest.xml:56:17-78
80-->src\main\AndroidManifest.xml:56:25-75
81            </intent-filter>
82        </service>
83
84        <!-- Firebase Default Notification Channel -->
85        <meta-data
85-->src\main\AndroidManifest.xml:61:9-63:71
86            android:name="com.google.firebase.messaging.default_notification_channel_id"
86-->src\main\AndroidManifest.xml:62:13-89
87            android:value="@string/default_notification_channel_id" />
87-->src\main\AndroidManifest.xml:63:13-68
88
89        <!-- Firebase Cloud Messaging Auto-init -->
90        <meta-data
90-->src\main\AndroidManifest.xml:66:9-68:36
91            android:name="firebase_messaging_auto_init_enabled"
91-->src\main\AndroidManifest.xml:67:13-64
92            android:value="true" />
92-->src\main\AndroidManifest.xml:68:13-33
93
94        <!-- Firebase Analytics Collection -->
95        <meta-data
95-->src\main\AndroidManifest.xml:71:9-73:36
96            android:name="firebase_analytics_collection_enabled"
96-->src\main\AndroidManifest.xml:72:13-65
97            android:value="true" />
97-->src\main\AndroidManifest.xml:73:13-33
98
99        <provider
99-->[androidx.work:work-runtime:2.9.0] AndroidManifest.xml:29:9-37:20
100            android:name="androidx.startup.InitializationProvider"
100-->[androidx.work:work-runtime:2.9.0] AndroidManifest.xml:30:13-67
101            android:authorities="com.myrafriend.androidx-startup"
101-->[androidx.work:work-runtime:2.9.0] AndroidManifest.xml:31:13-68
102            android:exported="false" >
102-->[androidx.work:work-runtime:2.9.0] AndroidManifest.xml:32:13-37
103            <meta-data
103-->[androidx.work:work-runtime:2.9.0] AndroidManifest.xml:34:13-36:52
104                android:name="androidx.work.WorkManagerInitializer"
104-->[androidx.work:work-runtime:2.9.0] AndroidManifest.xml:35:17-68
105                android:value="androidx.startup" />
105-->[androidx.work:work-runtime:2.9.0] AndroidManifest.xml:36:17-49
106            <meta-data
106-->[androidx.emoji2:emoji2:1.2.0] AndroidManifest.xml:29:13-31:52
107                android:name="androidx.emoji2.text.EmojiCompatInitializer"
107-->[androidx.emoji2:emoji2:1.2.0] AndroidManifest.xml:30:17-75
108                android:value="androidx.startup" />
108-->[androidx.emoji2:emoji2:1.2.0] AndroidManifest.xml:31:17-49
109            <meta-data
109-->[androidx.lifecycle:lifecycle-process:2.7.0] AndroidManifest.xml:29:13-31:52
110                android:name="androidx.lifecycle.ProcessLifecycleInitializer"
110-->[androidx.lifecycle:lifecycle-process:2.7.0] AndroidManifest.xml:30:17-78
111                android:value="androidx.startup" />
111-->[androidx.lifecycle:lifecycle-process:2.7.0] AndroidManifest.xml:31:17-49
112            <meta-data
112-->[androidx.profileinstaller:profileinstaller:1.3.0] AndroidManifest.xml:29:13-31:52
113                android:name="androidx.profileinstaller.ProfileInstallerInitializer"
113-->[androidx.profileinstaller:profileinstaller:1.3.0] AndroidManifest.xml:30:17-85
114                android:value="androidx.startup" />
114-->[androidx.profileinstaller:profileinstaller:1.3.0] AndroidManifest.xml:31:17-49
115        </provider>
116
117        <service
117-->[androidx.work:work-runtime:2.9.0] AndroidManifest.xml:39:9-45:35
118            android:name="androidx.work.impl.background.systemalarm.SystemAlarmService"
118-->[androidx.work:work-runtime:2.9.0] AndroidManifest.xml:40:13-88
119            android:directBootAware="false"
119-->[androidx.work:work-runtime:2.9.0] AndroidManifest.xml:41:13-44
120            android:enabled="@bool/enable_system_alarm_service_default"
120-->[androidx.work:work-runtime:2.9.0] AndroidManifest.xml:42:13-72
121            android:exported="false" />
121-->[androidx.work:work-runtime:2.9.0] AndroidManifest.xml:43:13-37
122        <service
122-->[androidx.work:work-runtime:2.9.0] AndroidManifest.xml:46:9-52:35
123            android:name="androidx.work.impl.background.systemjob.SystemJobService"
123-->[androidx.work:work-runtime:2.9.0] AndroidManifest.xml:47:13-84
124            android:directBootAware="false"
124-->[androidx.work:work-runtime:2.9.0] AndroidManifest.xml:48:13-44
125            android:enabled="@bool/enable_system_job_service_default"
125-->[androidx.work:work-runtime:2.9.0] AndroidManifest.xml:49:13-70
126            android:exported="true"
126-->[androidx.work:work-runtime:2.9.0] AndroidManifest.xml:50:13-36
127            android:permission="android.permission.BIND_JOB_SERVICE" />
127-->[androidx.work:work-runtime:2.9.0] AndroidManifest.xml:51:13-69
128        <service
128-->[androidx.work:work-runtime:2.9.0] AndroidManifest.xml:53:9-59:35
129            android:name="androidx.work.impl.foreground.SystemForegroundService"
129-->[androidx.work:work-runtime:2.9.0] AndroidManifest.xml:54:13-81
130            android:directBootAware="false"
130-->[androidx.work:work-runtime:2.9.0] AndroidManifest.xml:55:13-44
131            android:enabled="@bool/enable_system_foreground_service_default"
131-->[androidx.work:work-runtime:2.9.0] AndroidManifest.xml:56:13-77
132            android:exported="false" />
132-->[androidx.work:work-runtime:2.9.0] AndroidManifest.xml:57:13-37
133
134        <receiver
134-->[androidx.work:work-runtime:2.9.0] AndroidManifest.xml:61:9-66:35
135            android:name="androidx.work.impl.utils.ForceStopRunnable$BroadcastReceiver"
135-->[androidx.work:work-runtime:2.9.0] AndroidManifest.xml:62:13-88
136            android:directBootAware="false"
136-->[androidx.work:work-runtime:2.9.0] AndroidManifest.xml:63:13-44
137            android:enabled="true"
137-->[androidx.work:work-runtime:2.9.0] AndroidManifest.xml:64:13-35
138            android:exported="false" />
138-->[androidx.work:work-runtime:2.9.0] AndroidManifest.xml:65:13-37
139        <receiver
139-->[androidx.work:work-runtime:2.9.0] AndroidManifest.xml:67:9-77:20
140            android:name="androidx.work.impl.background.systemalarm.ConstraintProxy$BatteryChargingProxy"
140-->[androidx.work:work-runtime:2.9.0] AndroidManifest.xml:68:13-106
141            android:directBootAware="false"
141-->[androidx.work:work-runtime:2.9.0] AndroidManifest.xml:69:13-44
142            android:enabled="false"
142-->[androidx.work:work-runtime:2.9.0] AndroidManifest.xml:70:13-36
143            android:exported="false" >
143-->[androidx.work:work-runtime:2.9.0] AndroidManifest.xml:71:13-37
144            <intent-filter>
144-->[androidx.work:work-runtime:2.9.0] AndroidManifest.xml:73:13-76:29
145                <action android:name="android.intent.action.ACTION_POWER_CONNECTED" />
145-->[androidx.work:work-runtime:2.9.0] AndroidManifest.xml:74:17-87
145-->[androidx.work:work-runtime:2.9.0] AndroidManifest.xml:74:25-84
146                <action android:name="android.intent.action.ACTION_POWER_DISCONNECTED" />
146-->[androidx.work:work-runtime:2.9.0] AndroidManifest.xml:75:17-90
146-->[androidx.work:work-runtime:2.9.0] AndroidManifest.xml:75:25-87
147            </intent-filter>
148        </receiver>
149        <receiver
149-->[androidx.work:work-runtime:2.9.0] AndroidManifest.xml:78:9-88:20
150            android:name="androidx.work.impl.background.systemalarm.ConstraintProxy$BatteryNotLowProxy"
150-->[androidx.work:work-runtime:2.9.0] AndroidManifest.xml:79:13-104
151            android:directBootAware="false"
151-->[androidx.work:work-runtime:2.9.0] AndroidManifest.xml:80:13-44
152            android:enabled="false"
152-->[androidx.work:work-runtime:2.9.0] AndroidManifest.xml:81:13-36
153            android:exported="false" >
153-->[androidx.work:work-runtime:2.9.0] AndroidManifest.xml:82:13-37
154            <intent-filter>
154-->[androidx.work:work-runtime:2.9.0] AndroidManifest.xml:84:13-87:29
155                <action android:name="android.intent.action.BATTERY_OKAY" />
155-->[androidx.work:work-runtime:2.9.0] AndroidManifest.xml:85:17-77
155-->[androidx.work:work-runtime:2.9.0] AndroidManifest.xml:85:25-74
156                <action android:name="android.intent.action.BATTERY_LOW" />
156-->[androidx.work:work-runtime:2.9.0] AndroidManifest.xml:86:17-76
156-->[androidx.work:work-runtime:2.9.0] AndroidManifest.xml:86:25-73
157            </intent-filter>
158        </receiver>
159        <receiver
159-->[androidx.work:work-runtime:2.9.0] AndroidManifest.xml:89:9-99:20
160            android:name="androidx.work.impl.background.systemalarm.ConstraintProxy$StorageNotLowProxy"
160-->[androidx.work:work-runtime:2.9.0] AndroidManifest.xml:90:13-104
161            android:directBootAware="false"
161-->[androidx.work:work-runtime:2.9.0] AndroidManifest.xml:91:13-44
162            android:enabled="false"
162-->[androidx.work:work-runtime:2.9.0] AndroidManifest.xml:92:13-36
163            android:exported="false" >
163-->[androidx.work:work-runtime:2.9.0] AndroidManifest.xml:93:13-37
164            <intent-filter>
164-->[androidx.work:work-runtime:2.9.0] AndroidManifest.xml:95:13-98:29
165                <action android:name="android.intent.action.DEVICE_STORAGE_LOW" />
165-->[androidx.work:work-runtime:2.9.0] AndroidManifest.xml:96:17-83
165-->[androidx.work:work-runtime:2.9.0] AndroidManifest.xml:96:25-80
166                <action android:name="android.intent.action.DEVICE_STORAGE_OK" />
166-->[androidx.work:work-runtime:2.9.0] AndroidManifest.xml:97:17-82
166-->[androidx.work:work-runtime:2.9.0] AndroidManifest.xml:97:25-79
167            </intent-filter>
168        </receiver>
169        <receiver
169-->[androidx.work:work-runtime:2.9.0] AndroidManifest.xml:100:9-109:20
170            android:name="androidx.work.impl.background.systemalarm.ConstraintProxy$NetworkStateProxy"
170-->[androidx.work:work-runtime:2.9.0] AndroidManifest.xml:101:13-103
171            android:directBootAware="false"
171-->[androidx.work:work-runtime:2.9.0] AndroidManifest.xml:102:13-44
172            android:enabled="false"
172-->[androidx.work:work-runtime:2.9.0] AndroidManifest.xml:103:13-36
173            android:exported="false" >
173-->[androidx.work:work-runtime:2.9.0] AndroidManifest.xml:104:13-37
174            <intent-filter>
174-->[androidx.work:work-runtime:2.9.0] AndroidManifest.xml:106:13-108:29
175                <action android:name="android.net.conn.CONNECTIVITY_CHANGE" />
175-->[androidx.work:work-runtime:2.9.0] AndroidManifest.xml:107:17-79
175-->[androidx.work:work-runtime:2.9.0] AndroidManifest.xml:107:25-76
176            </intent-filter>
177        </receiver>
178        <receiver
178-->[androidx.work:work-runtime:2.9.0] AndroidManifest.xml:110:9-121:20
179            android:name="androidx.work.impl.background.systemalarm.RescheduleReceiver"
179-->[androidx.work:work-runtime:2.9.0] AndroidManifest.xml:111:13-88
180            android:directBootAware="false"
180-->[androidx.work:work-runtime:2.9.0] AndroidManifest.xml:112:13-44
181            android:enabled="false"
181-->[androidx.work:work-runtime:2.9.0] AndroidManifest.xml:113:13-36
182            android:exported="false" >
182-->[androidx.work:work-runtime:2.9.0] AndroidManifest.xml:114:13-37
183            <intent-filter>
183-->[androidx.work:work-runtime:2.9.0] AndroidManifest.xml:116:13-120:29
184                <action android:name="android.intent.action.BOOT_COMPLETED" />
184-->[androidx.work:work-runtime:2.9.0] AndroidManifest.xml:117:17-79
184-->[androidx.work:work-runtime:2.9.0] AndroidManifest.xml:117:25-76
185                <action android:name="android.intent.action.TIME_SET" />
185-->[androidx.work:work-runtime:2.9.0] AndroidManifest.xml:118:17-73
185-->[androidx.work:work-runtime:2.9.0] AndroidManifest.xml:118:25-70
186                <action android:name="android.intent.action.TIMEZONE_CHANGED" />
186-->[androidx.work:work-runtime:2.9.0] AndroidManifest.xml:119:17-81
186-->[androidx.work:work-runtime:2.9.0] AndroidManifest.xml:119:25-78
187            </intent-filter>
188        </receiver>
189        <receiver
189-->[androidx.work:work-runtime:2.9.0] AndroidManifest.xml:122:9-131:20
190            android:name="androidx.work.impl.background.systemalarm.ConstraintProxyUpdateReceiver"
190-->[androidx.work:work-runtime:2.9.0] AndroidManifest.xml:123:13-99
191            android:directBootAware="false"
191-->[androidx.work:work-runtime:2.9.0] AndroidManifest.xml:124:13-44
192            android:enabled="@bool/enable_system_alarm_service_default"
192-->[androidx.work:work-runtime:2.9.0] AndroidManifest.xml:125:13-72
193            android:exported="false" >
193-->[androidx.work:work-runtime:2.9.0] AndroidManifest.xml:126:13-37
194            <intent-filter>
194-->[androidx.work:work-runtime:2.9.0] AndroidManifest.xml:128:13-130:29
195                <action android:name="androidx.work.impl.background.systemalarm.UpdateProxies" />
195-->[androidx.work:work-runtime:2.9.0] AndroidManifest.xml:129:17-98
195-->[androidx.work:work-runtime:2.9.0] AndroidManifest.xml:129:25-95
196            </intent-filter>
197        </receiver>
198        <receiver
198-->[androidx.work:work-runtime:2.9.0] AndroidManifest.xml:132:9-142:20
199            android:name="androidx.work.impl.diagnostics.DiagnosticsReceiver"
199-->[androidx.work:work-runtime:2.9.0] AndroidManifest.xml:133:13-78
200            android:directBootAware="false"
200-->[androidx.work:work-runtime:2.9.0] AndroidManifest.xml:134:13-44
201            android:enabled="true"
201-->[androidx.work:work-runtime:2.9.0] AndroidManifest.xml:135:13-35
202            android:exported="true"
202-->[androidx.work:work-runtime:2.9.0] AndroidManifest.xml:136:13-36
203            android:permission="android.permission.DUMP" >
203-->[androidx.work:work-runtime:2.9.0] AndroidManifest.xml:137:13-57
204            <intent-filter>
204-->[androidx.work:work-runtime:2.9.0] AndroidManifest.xml:139:13-141:29
205                <action android:name="androidx.work.diagnostics.REQUEST_DIAGNOSTICS" />
205-->[androidx.work:work-runtime:2.9.0] AndroidManifest.xml:140:17-88
205-->[androidx.work:work-runtime:2.9.0] AndroidManifest.xml:140:25-85
206            </intent-filter>
207        </receiver>
208        <receiver
208-->[com.google.firebase:firebase-messaging:23.4.0] AndroidManifest.xml:29:9-40:20
209            android:name="com.google.firebase.iid.FirebaseInstanceIdReceiver"
209-->[com.google.firebase:firebase-messaging:23.4.0] AndroidManifest.xml:30:13-78
210            android:exported="true"
210-->[com.google.firebase:firebase-messaging:23.4.0] AndroidManifest.xml:31:13-36
211            android:permission="com.google.android.c2dm.permission.SEND" >
211-->[com.google.firebase:firebase-messaging:23.4.0] AndroidManifest.xml:32:13-73
212            <intent-filter>
212-->[com.google.firebase:firebase-messaging:23.4.0] AndroidManifest.xml:33:13-35:29
213                <action android:name="com.google.android.c2dm.intent.RECEIVE" />
213-->[com.google.firebase:firebase-messaging:23.4.0] AndroidManifest.xml:34:17-81
213-->[com.google.firebase:firebase-messaging:23.4.0] AndroidManifest.xml:34:25-78
214            </intent-filter>
215
216            <meta-data
216-->[com.google.firebase:firebase-messaging:23.4.0] AndroidManifest.xml:37:13-39:40
217                android:name="com.google.android.gms.cloudmessaging.FINISHED_AFTER_HANDLED"
217-->[com.google.firebase:firebase-messaging:23.4.0] AndroidManifest.xml:38:17-92
218                android:value="true" />
218-->[com.google.firebase:firebase-messaging:23.4.0] AndroidManifest.xml:39:17-37
219        </receiver>
220        <!--
221             FirebaseMessagingService performs security checks at runtime,
222             but set to not exported to explicitly avoid allowing another app to call it.
223        -->
224        <service
224-->[com.google.firebase:firebase-messaging:23.4.0] AndroidManifest.xml:46:9-53:19
225            android:name="com.google.firebase.messaging.FirebaseMessagingService"
225-->[com.google.firebase:firebase-messaging:23.4.0] AndroidManifest.xml:47:13-82
226            android:directBootAware="true"
226-->[com.google.firebase:firebase-messaging:23.4.0] AndroidManifest.xml:48:13-43
227            android:exported="false" >
227-->[com.google.firebase:firebase-messaging:23.4.0] AndroidManifest.xml:49:13-37
228            <intent-filter android:priority="-500" >
228-->src\main\AndroidManifest.xml:55:13-57:29
229                <action android:name="com.google.firebase.MESSAGING_EVENT" />
229-->src\main\AndroidManifest.xml:56:17-78
229-->src\main\AndroidManifest.xml:56:25-75
230            </intent-filter>
231        </service>
232        <service
232-->[com.google.firebase:firebase-messaging:23.4.0] AndroidManifest.xml:54:9-63:19
233            android:name="com.google.firebase.components.ComponentDiscoveryService"
233-->[com.google.firebase:firebase-messaging:23.4.0] AndroidManifest.xml:55:13-84
234            android:directBootAware="true"
234-->[com.google.firebase:firebase-common:20.4.2] AndroidManifest.xml:32:13-43
235            android:exported="false" >
235-->[com.google.firebase:firebase-messaging:23.4.0] AndroidManifest.xml:56:13-37
236            <meta-data
236-->[com.google.firebase:firebase-messaging:23.4.0] AndroidManifest.xml:57:13-59:85
237                android:name="com.google.firebase.components:com.google.firebase.messaging.FirebaseMessagingKtxRegistrar"
237-->[com.google.firebase:firebase-messaging:23.4.0] AndroidManifest.xml:58:17-122
238                android:value="com.google.firebase.components.ComponentRegistrar" />
238-->[com.google.firebase:firebase-messaging:23.4.0] AndroidManifest.xml:59:17-82
239            <meta-data
239-->[com.google.firebase:firebase-messaging:23.4.0] AndroidManifest.xml:60:13-62:85
240                android:name="com.google.firebase.components:com.google.firebase.messaging.FirebaseMessagingRegistrar"
240-->[com.google.firebase:firebase-messaging:23.4.0] AndroidManifest.xml:61:17-119
241                android:value="com.google.firebase.components.ComponentRegistrar" />
241-->[com.google.firebase:firebase-messaging:23.4.0] AndroidManifest.xml:62:17-82
242            <meta-data
242-->[com.google.android.gms:play-services-measurement-api:21.5.0] AndroidManifest.xml:37:13-39:85
243                android:name="com.google.firebase.components:com.google.firebase.analytics.connector.internal.AnalyticsConnectorRegistrar"
243-->[com.google.android.gms:play-services-measurement-api:21.5.0] AndroidManifest.xml:38:17-139
244                android:value="com.google.firebase.components.ComponentRegistrar" />
244-->[com.google.android.gms:play-services-measurement-api:21.5.0] AndroidManifest.xml:39:17-82
245            <meta-data
245-->[com.google.firebase:firebase-installations:17.2.0] AndroidManifest.xml:15:13-17:85
246                android:name="com.google.firebase.components:com.google.firebase.installations.FirebaseInstallationsKtxRegistrar"
246-->[com.google.firebase:firebase-installations:17.2.0] AndroidManifest.xml:16:17-130
247                android:value="com.google.firebase.components.ComponentRegistrar" />
247-->[com.google.firebase:firebase-installations:17.2.0] AndroidManifest.xml:17:17-82
248            <meta-data
248-->[com.google.firebase:firebase-installations:17.2.0] AndroidManifest.xml:18:13-20:85
249                android:name="com.google.firebase.components:com.google.firebase.installations.FirebaseInstallationsRegistrar"
249-->[com.google.firebase:firebase-installations:17.2.0] AndroidManifest.xml:19:17-127
250                android:value="com.google.firebase.components.ComponentRegistrar" />
250-->[com.google.firebase:firebase-installations:17.2.0] AndroidManifest.xml:20:17-82
251            <meta-data
251-->[com.google.firebase:firebase-common-ktx:20.4.2] AndroidManifest.xml:12:13-14:85
252                android:name="com.google.firebase.components:com.google.firebase.ktx.FirebaseCommonLegacyRegistrar"
252-->[com.google.firebase:firebase-common-ktx:20.4.2] AndroidManifest.xml:13:17-116
253                android:value="com.google.firebase.components.ComponentRegistrar" />
253-->[com.google.firebase:firebase-common-ktx:20.4.2] AndroidManifest.xml:14:17-82
254            <meta-data
254-->[com.google.firebase:firebase-common:20.4.2] AndroidManifest.xml:35:13-37:85
255                android:name="com.google.firebase.components:com.google.firebase.FirebaseCommonKtxRegistrar"
255-->[com.google.firebase:firebase-common:20.4.2] AndroidManifest.xml:36:17-109
256                android:value="com.google.firebase.components.ComponentRegistrar" />
256-->[com.google.firebase:firebase-common:20.4.2] AndroidManifest.xml:37:17-82
257            <meta-data
257-->[com.google.firebase:firebase-datatransport:18.1.7] AndroidManifest.xml:27:13-29:85
258                android:name="com.google.firebase.components:com.google.firebase.datatransport.TransportRegistrar"
258-->[com.google.firebase:firebase-datatransport:18.1.7] AndroidManifest.xml:28:17-115
259                android:value="com.google.firebase.components.ComponentRegistrar" />
259-->[com.google.firebase:firebase-datatransport:18.1.7] AndroidManifest.xml:29:17-82
260        </service>
261
262        <receiver
262-->[com.google.android.gms:play-services-measurement:21.5.0] AndroidManifest.xml:29:9-33:20
263            android:name="com.google.android.gms.measurement.AppMeasurementReceiver"
263-->[com.google.android.gms:play-services-measurement:21.5.0] AndroidManifest.xml:30:13-85
264            android:enabled="true"
264-->[com.google.android.gms:play-services-measurement:21.5.0] AndroidManifest.xml:31:13-35
265            android:exported="false" >
265-->[com.google.android.gms:play-services-measurement:21.5.0] AndroidManifest.xml:32:13-37
266        </receiver>
267
268        <service
268-->[com.google.android.gms:play-services-measurement:21.5.0] AndroidManifest.xml:35:9-38:40
269            android:name="com.google.android.gms.measurement.AppMeasurementService"
269-->[com.google.android.gms:play-services-measurement:21.5.0] AndroidManifest.xml:36:13-84
270            android:enabled="true"
270-->[com.google.android.gms:play-services-measurement:21.5.0] AndroidManifest.xml:37:13-35
271            android:exported="false" />
271-->[com.google.android.gms:play-services-measurement:21.5.0] AndroidManifest.xml:38:13-37
272        <service
272-->[com.google.android.gms:play-services-measurement:21.5.0] AndroidManifest.xml:39:9-43:72
273            android:name="com.google.android.gms.measurement.AppMeasurementJobService"
273-->[com.google.android.gms:play-services-measurement:21.5.0] AndroidManifest.xml:40:13-87
274            android:enabled="true"